Arguments: 
  C:\Program Files\nodejs\node.exe C:\Program Files\nodejs\node_modules\yarn\bin\yarn.js add @ant-design/icon

PATH: 
  C:\Windows\system32;C:\Windows;C:\Windows\System32\Wbem;C:\Windows\System32\WindowsPowerShell\v1.0\;C:\Windows\System32\OpenSSH\;C:\Program Files (x86)\NVIDIA Corporation\PhysX\Common;C:\Program Files\NVIDIA Corporation\NVIDIA NvDLISR;C:\Users\admin\AppData\Roaming\npm\node_modules\cnpm\lib;C:\Users\admin\AppData\Local\Yarn\bin;C:\Program Files\Git\cmd;C:\Users\admin\AppData\Roaming\nvm;C:\Program Files\nodejs;C:\Program Files\MySQL\MySQL Server 8.0\bin;C:\Program Files\MongoDB\Server\4.4\bin;C:\Program Files\dotnet\;C:\Program Files\MySQL\MySQL Shell 8.0\bin\;C:\Users\admin\AppData\Local\Microsoft\WindowsApps;D:\vsCode\Microsoft VS Code\bin;C:\Users\admin\AppData\Roaming\nvm;C:\Program Files\nodejs;C:\Users\admin\.dotnet\tools

Yarn version: 
  1.22.10

Node version: 
  14.15.1

Platform: 
  win32 x64

Trace: 
  Error: https://registry.npm.taobao.org/@ant-design%2ficon: [NOT_FOUND] @ant-design/icon not found
      at Request.params.callback [as _callback] (C:\Users\admin\AppData\Roaming\nvm\v14.15.1\node_modules\yarn\lib\cli.js:66988:18)
      at Request.self.callback (C:\Users\admin\AppData\Roaming\nvm\v14.15.1\node_modules\yarn\lib\cli.js:140662:22)
      at Request.emit (events.js:315:20)
      at Request.<anonymous> (C:\Users\admin\AppData\Roaming\nvm\v14.15.1\node_modules\yarn\lib\cli.js:141634:10)
      at Request.emit (events.js:315:20)
      at Gunzip.<anonymous> (C:\Users\admin\AppData\Roaming\nvm\v14.15.1\node_modules\yarn\lib\cli.js:141556:12)
      at Object.onceWrapper (events.js:421:28)
      at Gunzip.emit (events.js:315:20)
      at endReadableNT (_stream_readable.js:1327:12)
      at processTicksAndRejections (internal/process/task_queues.js:80:21)

npm manifest: 
  {
    "name": "blog",
    "version": "0.1.0",
    "private": true,
    "scripts": {
      "dev": "next dev",
      "build": "next build",
      "start": "next start",
      "lint": "next lint"
    },
    "dependencies": {
      "@zeit/next-css": "^1.0.1",
      "antd": "^4.19.2",
      "babel-plugin-import": "^1.13.3",
      "next": "12.1.0",
      "react": "17.0.2",
      "react-dom": "17.0.2"
    }
  }

yarn manifest: 
  No manifest

Lockfile: 
  # THIS IS AN AUTOGENERATED FILE. DO NOT EDIT THIS FILE DIRECTLY.
  # yarn lockfile v1
  
  
  "@ant-design/colors@^6.0.0":
    version "6.0.0"
    resolved "https://registry.npmmirror.com/@ant-design/colors/-/colors-6.0.0.tgz#9b9366257cffcc47db42b9d0203bb592c13c0298"
    integrity sha512-qAZRvPzfdWHtfameEGP2Qvuf838NhergR35o+EuVyB5XvSA98xod5r4utvi4TJ3ywmevm290g9nsCG5MryrdWQ==
    dependencies:
      "@ctrl/tinycolor" "^3.4.0"
  
  "@ant-design/icons-svg@^4.2.1":
    version "4.2.1"
    resolved "https://registry.npmmirror.com/@ant-design/icons-svg/-/icons-svg-4.2.1.tgz#8630da8eb4471a4aabdaed7d1ff6a97dcb2cf05a"
    integrity sha512-EB0iwlKDGpG93hW8f85CTJTs4SvMX7tt5ceupvhALp1IF44SeUFOMhKUOYqpsoYWQKAOuTRDMqn75rEaKDp0Xw==
  
  "@ant-design/icons@^4.7.0":
    version "4.7.0"
    resolved "https://registry.npmmirror.com/@ant-design/icons/-/icons-4.7.0.tgz#8c3cbe0a556ba92af5dc7d1e70c0b25b5179af0f"
    integrity sha512-aoB4Z7JA431rt6d4u+8xcNPPCrdufSRMUOpxa1ab6mz1JCQZOEVolj2WVs/tDFmN62zzK30mNelEsprLYsSF3g==
    dependencies:
      "@ant-design/colors" "^6.0.0"
      "@ant-design/icons-svg" "^4.2.1"
      "@babel/runtime" "^7.11.2"
      classnames "^2.2.6"
      rc-util "^5.9.4"
  
  "@ant-design/react-slick@~0.28.1":
    version "0.28.4"
    resolved "https://registry.npmmirror.com/@ant-design/react-slick/-/react-slick-0.28.4.tgz#8b296b87ad7c7ae877f2a527b81b7eebd9dd29a9"
    integrity sha512-j9eAHTn7GxbXUFNknJoHS2ceAsqrQi2j8XykjZE1IXCD8kJF+t28EvhBLniDpbOsBk/3kjalnhriTfZcjBHNqg==
    dependencies:
      "@babel/runtime" "^7.10.4"
      classnames "^2.2.5"
      json2mq "^0.2.0"
      lodash "^4.17.21"
      resize-observer-polyfill "^1.5.0"
  
  "@babel/helper-module-imports@^7.0.0":
    version "7.16.7"
    resolved "https://registry.npmmirror.com/@babel/helper-module-imports/-/helper-module-imports-7.16.7.tgz#25612a8091a999704461c8a222d0efec5d091437"
    integrity sha512-LVtS6TqjJHFc+nYeITRo6VLXve70xmq7wPhWTqDJusJEgGmkAACWwMiTNrvfoQo6hEhFwAIixNkvB0jPXDL8Wg==
    dependencies:
      "@babel/types" "^7.16.7"
  
  "@babel/helper-validator-identifier@^7.16.7":
    version "7.16.7"
    resolved "https://registry.npmmirror.com/@babel/helper-validator-identifier/-/helper-validator-identifier-7.16.7.tgz#e8c602438c4a8195751243da9031d1607d247cad"
    integrity sha512-hsEnFemeiW4D08A5gUAZxLBTXpZ39P+a+DGDsHw1yxqyQ/jzFEnxf5uTEGp+3bzAbNOxU1paTgYS4ECU/IgfDw==
  
  "@babel/runtime@^7.0.0", "@babel/runtime@^7.10.1", "@babel/runtime@^7.10.2", "@babel/runtime@^7.10.4", "@babel/runtime@^7.11.1", "@babel/runtime@^7.11.2", "@babel/runtime@^7.12.5", "@babel/runtime@^7.8.4":
    version "7.17.8"
    resolved "https://registry.npmmirror.com/@babel/runtime/-/runtime-7.17.8.tgz#3e56e4aff81befa55ac3ac6a0967349fd1c5bca2"
    integrity sha512-dQpEpK0O9o6lj6oPu0gRDbbnk+4LeHlNcBpspf6Olzt3GIX4P1lWF1gS+pHLDFlaJvbR6q7jCfQ08zA4QJBnmA==
    dependencies:
      regenerator-runtime "^0.13.4"
  
  "@babel/types@^7.16.7":
    version "7.17.0"
    resolved "https://registry.npmmirror.com/@babel/types/-/types-7.17.0.tgz#a826e368bccb6b3d84acd76acad5c0d87342390b"
    integrity sha512-TmKSNO4D5rzhL5bjWFcVHHLETzfQ/AmbKpKPOSjlP0WoHZ6L911fgoOKY4Alp/emzG4cHJdyN49zpgkbXFEHHw==
    dependencies:
      "@babel/helper-validator-identifier" "^7.16.7"
      to-fast-properties "^2.0.0"
  
  "@ctrl/tinycolor@^3.4.0":
    version "3.4.0"
    resolved "https://registry.npmmirror.com/@ctrl/tinycolor/-/tinycolor-3.4.0.tgz#c3c5ae543c897caa9c2a68630bed355be5f9990f"
    integrity sha512-JZButFdZ1+/xAfpguQHoabIXkcqRRKpMrWKBkpEZZyxfY9C1DpADFB8PEqGSTeFr135SaTRfKqGKx5xSCLI7ZQ==
  
  "@next/env@12.1.0":
    version "12.1.0"
    resolved "https://registry.npmmirror.com/@next/env/-/env-12.1.0.tgz#73713399399b34aa5a01771fb73272b55b22c314"
    integrity sha512-nrIgY6t17FQ9xxwH3jj0a6EOiQ/WDHUos35Hghtr+SWN/ntHIQ7UpuvSi0vaLzZVHQWaDupKI+liO5vANcDeTQ==
  
  "@next/swc-android-arm64@12.1.0":
    version "12.1.0"
    resolved "https://registry.npmmirror.com/@next/swc-android-arm64/-/swc-android-arm64-12.1.0.tgz#865ba3a9afc204ff2bdeea49dd64d58705007a39"
    integrity sha512-/280MLdZe0W03stA69iL+v6I+J1ascrQ6FrXBlXGCsGzrfMaGr7fskMa0T5AhQIVQD4nA/46QQWxG//DYuFBcA==
  
  "@next/swc-darwin-arm64@12.1.0":
    version "12.1.0"
    resolved "https://registry.npmmirror.com/@next/swc-darwin-arm64/-/swc-darwin-arm64-12.1.0.tgz#08e8b411b8accd095009ed12efbc2f1d4d547135"
    integrity sha512-R8vcXE2/iONJ1Unf5Ptqjk6LRW3bggH+8drNkkzH4FLEQkHtELhvcmJwkXcuipyQCsIakldAXhRbZmm3YN1vXg==
  
  "@next/swc-darwin-x64@12.1.0":
    version "12.1.0"
    resolved "https://registry.npmmirror.com/@next/swc-darwin-x64/-/swc-darwin-x64-12.1.0.tgz#fcd684497a76e8feaca88db3c394480ff0b007cd"
    integrity sha512-ieAz0/J0PhmbZBB8+EA/JGdhRHBogF8BWaeqR7hwveb6SYEIJaDNQy0I+ZN8gF8hLj63bEDxJAs/cEhdnTq+ug==
  
  "@next/swc-linux-arm-gnueabihf@12.1.0":
    version "12.1.0"
    resolved "https://registry.npmmirror.com/@next/swc-linux-arm-gnueabihf/-/swc-linux-arm-gnueabihf-12.1.0.tgz#9ec6380a27938a5799aaa6035c205b3c478468a7"
    integrity sha512-njUd9hpl6o6A5d08dC0cKAgXKCzm5fFtgGe6i0eko8IAdtAPbtHxtpre3VeSxdZvuGFh+hb0REySQP9T1ttkog==
  
  "@next/swc-linux-arm64-gnu@12.1.0":
    version "12.1.0"
    resolved "https://registry.npmmirror.com/@next/swc-linux-arm64-gnu/-/swc-linux-arm64-gnu-12.1.0.tgz#7f4196dff1049cea479607c75b81033ae2dbd093"
    integrity sha512-OqangJLkRxVxMhDtcb7Qn1xjzFA3s50EIxY7mljbSCLybU+sByPaWAHY4px97ieOlr2y4S0xdPKkQ3BCAwyo6Q==
  
  "@next/swc-linux-arm64-musl@12.1.0":
    version "12.1.0"
    resolved "https://registry.npmmirror.com/@next/swc-linux-arm64-musl/-/swc-linux-arm64-musl-12.1.0.tgz#b445f767569cdc2dddee785ca495e1a88c025566"
    integrity sha512-hB8cLSt4GdmOpcwRe2UzI5UWn6HHO/vLkr5OTuNvCJ5xGDwpPXelVkYW/0+C3g5axbDW2Tym4S+MQCkkH9QfWA==
  
  "@next/swc-linux-x64-gnu@12.1.0":
    version "12.1.0"
    resolved "https://registry.npmmirror.com/@next/swc-linux-x64-gnu/-/swc-linux-x64-gnu-12.1.0.tgz#67610e9be4fbc987de7535f1bcb17e45fe12f90e"
    integrity sha512-OKO4R/digvrVuweSw/uBM4nSdyzsBV5EwkUeeG4KVpkIZEe64ZwRpnFB65bC6hGwxIBnTv5NMSnJ+0K/WmG78A==
  
  "@next/swc-linux-x64-musl@12.1.0":
    version "12.1.0"
    resolved "https://registry.npmmirror.com/@next/swc-linux-x64-musl/-/swc-linux-x64-musl-12.1.0.tgz#ea19a23db08a9f2e34ac30401f774cf7d1669d31"
    integrity sha512-JohhgAHZvOD3rQY7tlp7NlmvtvYHBYgY0x5ZCecUT6eCCcl9lv6iV3nfu82ErkxNk1H893fqH0FUpznZ/H3pSw==
  
  "@next/swc-win32-arm64-msvc@12.1.0":
    version "12.1.0"
    resolved "https://registry.npmmirror.com/@next/swc-win32-arm64-msvc/-/swc-win32-arm64-msvc-12.1.0.tgz#eadf054fc412085659b98e145435bbba200b5283"
    integrity sha512-T/3gIE6QEfKIJ4dmJk75v9hhNiYZhQYAoYm4iVo1TgcsuaKLFa+zMPh4056AHiG6n9tn2UQ1CFE8EoybEsqsSw==
  
  "@next/swc-win32-ia32-msvc@12.1.0":
    version "12.1.0"
    resolved "https://registry.npmmirror.com/@next/swc-win32-ia32-msvc/-/swc-win32-ia32-msvc-12.1.0.tgz#68faeae10c89f698bf9d28759172b74c9c21bda1"
    integrity sha512-iwnKgHJdqhIW19H9PRPM9j55V6RdcOo6rX+5imx832BCWzkDbyomWnlzBfr6ByUYfhohb8QuH4hSGEikpPqI0Q==
  
  "@next/swc-win32-x64-msvc@12.1.0":
    version "12.1.0"
    resolved "https://registry.npmmirror.com/@next/swc-win32-x64-msvc/-/swc-win32-x64-msvc-12.1.0.tgz#d27e7e76c87a460a4da99c5bfdb1618dcd6cd064"
    integrity sha512-aBvcbMwuanDH4EMrL2TthNJy+4nP59Bimn8egqv6GHMVj0a44cU6Au4PjOhLNqEh9l+IpRGBqMTzec94UdC5xg==
  
  "@zeit/next-css@^1.0.1":
    version "1.0.1"
    resolved "https://registry.npmmirror.com/@zeit/next-css/-/next-css-1.0.1.tgz#4f784e841e7ca1b21b3468a902e2c1fa95a3e75c"
    integrity sha512-yfHPRy/ne/5SddVClsoy+fpU7e0Cs1gkWA67/wm2uIu+9rznF45yQLxHEt5dPGF3h6IiIh7ZtIgA8VV8YKq87A==
    dependencies:
      css-loader "1.0.0"
      extracted-loader "1.0.4"
      find-up "2.1.0"
      ignore-loader "0.1.2"
      mini-css-extract-plugin "0.4.3"
      postcss-loader "3.0.0"
  
  ajv-errors@^1.0.0:
    version "1.0.1"
    resolved "https://registry.npmmirror.com/ajv-errors/-/ajv-errors-1.0.1.tgz#f35986aceb91afadec4102fbd85014950cefa64d"
    integrity sha512-DCRfO/4nQ+89p/RK43i8Ezd41EqdGIU4ld7nGF8OQ14oc/we5rEntLCUa7+jrn3nn83BosfwZA0wb4pon2o8iQ==
  
  ajv-keywords@^3.1.0:
    version "3.5.2"
    resolved "https://registry.npmmirror.com/ajv-keywords/-/ajv-keywords-3.5.2.tgz#31f29da5ab6e00d1c2d329acf7b5929614d5014d"
    integrity sha512-5p6WTN0DdTGVQk6VjcEju19IgaHudalcfabD7yhDGeA6bcQnmL+CpveLJq/3hvfwd1aof6L386Ougkx6RfyMIQ==
  
  ajv@^6.1.0:
    version "6.12.6"
    resolved "https://registry.npmmirror.com/ajv/-/ajv-6.12.6.tgz#baf5a62e802b07d977034586f8c3baf5adf26df4"
    integrity sha512-j3fVLgvTo527anyYyJOGTYJbG+vnnQYvE0m5mmkc1TK+nxAppkCLMIL0aZ4dblVCNoGShhm+kzE4ZUykBoMg4g==
    dependencies:
      fast-deep-equal "^3.1.1"
      fast-json-stable-stringify "^2.0.0"
      json-schema-traverse "^0.4.1"
      uri-js "^4.2.2"
  
  ansi-regex@^2.0.0:
    version "2.1.1"
    resolved "https://registry.npmmirror.com/ansi-regex/-/ansi-regex-2.1.1.tgz#c3b33ab5ee360d86e0e628f0468ae7ef27d654df"
    integrity sha512-TIGnTpdo+E3+pCyAluZvtED5p5wCqLdezCyhPZzKPcxvFplEt4i+W7OONCKgeZFT3+y5NZZfOOS/Bdcanm1MYA==
  
  ansi-styles@^2.2.1:
    version "2.2.1"
    resolved "https://registry.npmmirror.com/ansi-styles/-/ansi-styles-2.2.1.tgz#b432dd3358b634cf75e1e4664368240533c1ddbe"
    integrity sha512-kmCevFghRiWM7HB5zTPULl4r9bVFSWjz62MhqizDGUrq2NWuNMQyuv4tHHoKJHs69M/MF64lEcHdYIocrdWQYA==
  
  ansi-styles@^3.2.1:
    version "3.2.1"
    resolved "https://registry.npmmirror.com/ansi-styles/-/ansi-styles-3.2.1.tgz#41fbb20243e50b12be0f04b8dedbf07520ce841d"
    integrity sha512-VT0ZI6kZRdTh8YyJw3SMbYm/u+NqfsAxEpWO0Pf9sq8/e94WxxOpPKx9FR1FlyCtOVDNOQ+8ntlqFxiRc+r5qA==
    dependencies:
      color-convert "^1.9.0"
  
  antd@^4.19.2:
    version "4.19.2"
    resolved "https://registry.npmmirror.com/antd/-/antd-4.19.2.tgz#5438478aedf61bf670784611cba077387ff0f1b3"
    integrity sha512-qXM6d6hFsT5rZJB4TRTHl32dixu1IHmPD0QLzG5YuUpzecv6QoTr1ZMp2/I1MMCb1+n99yQ5gFx7U677AbL5hw==
    dependencies:
      "@ant-design/colors" "^6.0.0"
      "@ant-design/icons" "^4.7.0"
      "@ant-design/react-slick" "~0.28.1"
      "@babel/runtime" "^7.12.5"
      "@ctrl/tinycolor" "^3.4.0"
      classnames "^2.2.6"
      copy-to-clipboard "^3.2.0"
      lodash "^4.17.21"
      memoize-one "^6.0.0"
      moment "^2.25.3"
      rc-cascader "~3.2.1"
      rc-checkbox "~2.3.0"
      rc-collapse "~3.1.0"
      rc-dialog "~8.6.0"
      rc-drawer "~4.4.2"
      rc-dropdown "~3.3.2"
      rc-field-form "~1.24.0"
      rc-image "~5.2.5"
      rc-input "~0.0.1-alpha.5"
      rc-input-number "~7.3.0"
      rc-mentions "~1.6.1"
      rc-menu "~9.3.2"
      rc-motion "^2.4.4"
      rc-notification "~4.5.7"
      rc-pagination "~3.1.9"
      rc-picker "~2.6.4"
      rc-progress "~3.2.1"
      rc-rate "~2.9.0"
      rc-resize-observer "^1.2.0"
      rc-select "~14.0.2"
      rc-slider "~10.0.0-alpha.4"
      rc-steps "~4.1.0"
      rc-switch "~3.2.0"
      rc-table "~7.23.0"
      rc-tabs "~11.10.0"
      rc-textarea "~0.3.0"
      rc-tooltip "~5.1.1"
      rc-tree "~5.4.3"
      rc-tree-select "~5.1.1"
      rc-trigger "^5.2.10"
      rc-upload "~4.3.0"
      rc-util "^5.19.3"
      scroll-into-view-if-needed "^2.2.25"
  
  argparse@^1.0.7:
    version "1.0.10"
    resolved "https://registry.npmmirror.com/argparse/-/argparse-1.0.10.tgz#bcd6791ea5ae09725e17e5ad988134cd40b3d911"
    integrity sha512-o5Roy6tNG4SL/FOkCAN6RzjiakZS25RLYFrcMttJqbdd8BWrnA+fGz57iN5Pb06pvBGvl5gQ0B48dJlslXvoTg==
    dependencies:
      sprintf-js "~1.0.2"
  
  array-tree-filter@^2.1.0:
    version "2.1.0"
    resolved "https://registry.npmmirror.com/array-tree-filter/-/array-tree-filter-2.1.0.tgz#873ac00fec83749f255ac8dd083814b4f6329190"
    integrity sha512-4ROwICNlNw/Hqa9v+rk5h22KjmzB1JGTMVKP2AKJBOCgb0yL0ASf0+YvCcLNNwquOHNX48jkeZIJ3a+oOQqKcw==
  
  async-validator@^4.0.2:
    version "4.0.7"
    resolved "https://registry.npmmirror.com/async-validator/-/async-validator-4.0.7.tgz#034a0fd2103a6b2ebf010da75183bec299247afe"
    integrity sha512-Pj2IR7u8hmUEDOwB++su6baaRi+QvsgajuFB9j95foM1N2gy5HM4z60hfusIO0fBPG5uLAEl6yCJr1jNSVugEQ==
  
  babel-code-frame@^6.26.0:
    version "6.26.0"
    resolved "https://registry.npmmirror.com/babel-code-frame/-/babel-code-frame-6.26.0.tgz#63fd43f7dc1e3bb7ce35947db8fe369a3f58c74b"
    integrity sha512-XqYMR2dfdGMW+hd0IUZ2PwK+fGeFkOxZJ0wY+JaQAHzt1Zx8LcvpiZD2NiGkEG8qx0CfkAOr5xt76d1e8vG90g==
    dependencies:
      chalk "^1.1.3"
      esutils "^2.0.2"
      js-tokens "^3.0.2"
  
  babel-plugin-import@^1.13.3:
    version "1.13.3"
    resolved "https://registry.npmmirror.com/babel-plugin-import/-/babel-plugin-import-1.13.3.tgz#9dbbba7d1ac72bd412917a830d445e00941d26d7"
    integrity sha512-1qCWdljJOrDRH/ybaCZuDgySii4yYrtQ8OJQwrcDqdt0y67N30ng3X3nABg6j7gR7qUJgcMa9OMhc4AGViDwWw==
    dependencies:
      "@babel/helper-module-imports" "^7.0.0"
      "@babel/runtime" "^7.0.0"
  
  big.js@^5.2.2:
    version "5.2.2"
    resolved "https://registry.npmmirror.com/big.js/-/big.js-5.2.2.tgz#65f0af382f578bcdc742bd9c281e9cb2d7768328"
    integrity sha512-vyL2OymJxmarO8gxMr0mhChsO9QGwhynfuu4+MHTAW6czfq9humCB7rKpUjDd9YUiDPU4mzpyupFSvOClAwbmQ==
  
  caller-callsite@^2.0.0:
    version "2.0.0"
    resolved "https://registry.npmmirror.com/caller-callsite/-/caller-callsite-2.0.0.tgz#847e0fce0a223750a9a027c54b33731ad3154134"
    integrity sha512-JuG3qI4QOftFsZyOn1qq87fq5grLIyk1JYd5lJmdA+fG7aQ9pA/i3JIJGcO3q0MrRcHlOt1U+ZeHW8Dq9axALQ==
    dependencies:
      callsites "^2.0.0"
  
  caller-path@^2.0.0:
    version "2.0.0"
    resolved "https://registry.npmmirror.com/caller-path/-/caller-path-2.0.0.tgz#468f83044e369ab2010fac5f06ceee15bb2cb1f4"
    integrity sha512-MCL3sf6nCSXOwCTzvPKhN18TU7AHTvdtam8DAogxcrJ8Rjfbbg7Lgng64H9Iy+vUV6VGFClN/TyxBkAebLRR4A==
    dependencies:
      caller-callsite "^2.0.0"
  
  callsites@^2.0.0:
    version "2.0.0"
    resolved "https://registry.npmmirror.com/callsites/-/callsites-2.0.0.tgz#06eb84f00eea413da86affefacbffb36093b3c50"
    integrity sha512-ksWePWBloaWPxJYQ8TL0JHvtci6G5QTKwQ95RcWAa/lzoAKuAOflGdAK92hpHXjkwb8zLxoLNUoNYZgVsaJzvQ==
  
  caniuse-lite@^1.0.30001283:
    version "1.0.30001319"
    resolved "https://registry.npmmirror.com/caniuse-lite/-/caniuse-lite-1.0.30001319.tgz#eb4da4eb3ecdd409f7ba1907820061d56096e88f"
    integrity sha512-xjlIAFHucBRSMUo1kb5D4LYgcN1M45qdKP++lhqowDpwJwGkpIRTt5qQqnhxjj1vHcI7nrJxWhCC1ATrCEBTcw==
  
  chalk@^1.1.3:
    version "1.1.3"
    resolved "https://registry.npmmirror.com/chalk/-/chalk-1.1.3.tgz#a8115c55e4a702fe4d150abd3872822a7e09fc98"
    integrity sha512-U3lRVLMSlsCfjqYPbLyVv11M9CPW4I728d6TCKMAOJueEeB9/8o+eSsMnxPJD+Q+K909sdESg7C+tIkoH6on1A==
    dependencies:
      ansi-styles "^2.2.1"
      escape-string-regexp "^1.0.2"
      has-ansi "^2.0.0"
      strip-ansi "^3.0.0"
      supports-color "^2.0.0"
  
  chalk@^2.4.1:
    version "2.4.2"
    resolved "https://registry.npmmirror.com/chalk/-/chalk-2.4.2.tgz#cd42541677a54333cf541a49108c1432b44c9424"
    integrity sha512-Mti+f9lpJNcwF4tWV8/OrTTtF1gZi+f8FqlyAdouralcFWFQWF2+NgCHShjkCb+IFBLq9buZwE1xckQU4peSuQ==
    dependencies:
      ansi-styles "^3.2.1"
      escape-string-regexp "^1.0.5"
      supports-color "^5.3.0"
  
  classnames@2.x, classnames@^2.2.1, classnames@^2.2.3, classnames@^2.2.5, classnames@^2.2.6, classnames@^2.3.1:
    version "2.3.1"
    resolved "https://registry.npmmirror.com/classnames/-/classnames-2.3.1.tgz#dfcfa3891e306ec1dad105d0e88f4417b8535e8e"
    integrity sha512-OlQdbZ7gLfGarSqxesMesDa5uz7KFbID8Kpq/SxIoNGDqY8lSYs0D+hhtBXhcdB3rcbXArFr7vlHheLk1voeNA==
  
  color-convert@^1.9.0:
    version "1.9.3"
    resolved "https://registry.npmmirror.com/color-convert/-/color-convert-1.9.3.tgz#bb71850690e1f136567de629d2d5471deda4c1e8"
    integrity sha512-QfAUtd+vFdAtFQcC8CCyYt1fYWxSqAiK2cSD6zDB8N3cpsEBAvRxp9zOGg6G/SHHJYAT88/az/IuDGALsNVbGg==
    dependencies:
      color-name "1.1.3"
  
  color-name@1.1.3:
    version "1.1.3"
    resolved "https://registry.npmmirror.com/color-name/-/color-name-1.1.3.tgz#a7d0558bd89c42f795dd42328f740831ca53bc25"
    integrity sha512-72fSenhMw2HZMTVHeCA9KCmpEIbzWiQsjN+BHcBbS9vr1mtt+vJjPdksIBNUmKAW8TFUDPJK5SUU3QhE9NEXDw==
  
  compute-scroll-into-view@^1.0.17:
    version "1.0.17"
    resolved "https://registry.npmmirror.com/compute-scroll-into-view/-/compute-scroll-into-view-1.0.17.tgz#6a88f18acd9d42e9cf4baa6bec7e0522607ab7ab"
    integrity sha512-j4dx+Fb0URmzbwwMUrhqWM2BEWHdFGx+qZ9qqASHRPqvTYdqvWnHg0H1hIbcyLnvgnoNAVMlwkepyqM3DaIFUg==
  
  copy-to-clipboard@^3.2.0:
    version "3.3.1"
    resolved "https://registry.npmmirror.com/copy-to-clipboard/-/copy-to-clipboard-3.3.1.tgz#115aa1a9998ffab6196f93076ad6da3b913662ae"
    integrity sha512-i13qo6kIHTTpCm8/Wup+0b1mVWETvu2kIMzKoK8FpkLkFxlt0znUAHcMzox+T8sPlqtZXq3CulEjQHsYiGFJUw==
    dependencies:
      toggle-selection "^1.0.6"
  
  cosmiconfig@^5.0.0:
    version "5.2.1"
    resolved "https://registry.npmmirror.com/cosmiconfig/-/cosmiconfig-5.2.1.tgz#040f726809c591e77a17c0a3626ca45b4f168b1a"
    integrity sha512-H65gsXo1SKjf8zmrJ67eJk8aIRKV5ff2D4uKZIBZShbhGSpEmsQOPW/SKMKYhSTrqR7ufy6RP69rPogdaPh/kA==
    dependencies:
      import-fresh "^2.0.0"
      is-directory "^0.3.1"
      js-yaml "^3.13.1"
      parse-json "^4.0.0"
  
  css-loader@1.0.0:
    version "1.0.0"
    resolved "https://registry.npmmirror.com/css-loader/-/css-loader-1.0.0.tgz#9f46aaa5ca41dbe31860e3b62b8e23c42916bf56"
    integrity sha512-tMXlTYf3mIMt3b0dDCOQFJiVvxbocJ5Ho577WiGPYPZcqVEO218L2iU22pDXzkTZCLDE+9AmGSUkWxeh/nZReA==
    dependencies:
      babel-code-frame "^6.26.0"
      css-selector-tokenizer "^0.7.0"
      icss-utils "^2.1.0"
      loader-utils "^1.0.2"
      lodash.camelcase "^4.3.0"
      postcss "^6.0.23"
      postcss-modules-extract-imports "^1.2.0"
      postcss-modules-local-by-default "^1.2.0"
      postcss-modules-scope "^1.1.0"
      postcss-modules-values "^1.3.0"
      postcss-value-parser "^3.3.0"
      source-list-map "^2.0.0"
  
  css-selector-tokenizer@^0.7.0:
    version "0.7.3"
    resolved "https://registry.npmmirror.com/css-selector-tokenizer/-/css-selector-tokenizer-0.7.3.tgz#735f26186e67c749aaf275783405cf0661fae8f1"
    integrity sha512-jWQv3oCEL5kMErj4wRnK/OPoBi0D+P1FR2cDCKYPaMeD2eW3/mttav8HT4hT1CKopiJI/psEULjkClhvJo4Lvg==
    dependencies:
      cssesc "^3.0.0"
      fastparse "^1.1.2"
  
  cssesc@^3.0.0:
    version "3.0.0"
    resolved "https://registry.npmmirror.com/cssesc/-/cssesc-3.0.0.tgz#37741919903b868565e1c09ea747445cd18983ee"
    integrity sha512-/Tb/JcjK111nNScGob5MNtsntNM1aCNUDipB/TkwZFhyDrrE47SOx/18wF2bbjgc3ZzCSKW1T5nt5EbFoAz/Vg==
  
  date-fns@2.x:
    version "2.28.0"
    resolved "https://registry.npmmirror.com/date-fns/-/date-fns-2.28.0.tgz#9570d656f5fc13143e50c975a3b6bbeb46cd08b2"
    integrity sha512-8d35hViGYx/QH0icHYCeLmsLmMUheMmTyV9Fcm6gvNwdw31yXXH+O85sOBJ+OLnLQMKZowvpKb6FgMIQjcpvQw==
  
  dayjs@1.x:
    version "1.11.0"
    resolved "https://registry.npmmirror.com/dayjs/-/dayjs-1.11.0.tgz#009bf7ef2e2ea2d5db2e6583d2d39a4b5061e805"
    integrity sha512-JLC809s6Y948/FuCZPm5IX8rRhQwOiyMb2TfVVQEixG7P8Lm/gt5S7yoQZmC8x1UehI9Pb7sksEt4xx14m+7Ug==
  
  dom-align@^1.7.0:
    version "1.12.2"
    resolved "https://registry.npmmirror.com/dom-align/-/dom-align-1.12.2.tgz#0f8164ebd0c9c21b0c790310493cd855892acd4b"
    integrity sha512-pHuazgqrsTFrGU2WLDdXxCFabkdQDx72ddkraZNih1KsMcN5qsRSTR9O4VJRlwTPCPb5COYg3LOfiMHHcPInHg==
  
  emojis-list@^3.0.0:
    version "3.0.0"
    resolved "https://registry.npmmirror.com/emojis-list/-/emojis-list-3.0.0.tgz#5570662046ad29e2e916e71aae260abdff4f6a78"
    integrity sha512-/kyM18EfinwXZbno9FyUGeFh87KC8HRQBQGildHZbEuRyWFOmv1U10o9BBp8XVZDVNNuQKyIGIu5ZYAAXJ0V2Q==
  
  error-ex@^1.3.1:
    version "1.3.2"
    resolved "https://registry.npmmirror.com/error-ex/-/error-ex-1.3.2.tgz#b4ac40648107fdcdcfae242f428bea8a14d4f1bf"
    integrity sha512-7dFHNmqeFSEt2ZBsCriorKnn3Z2pj+fd9kmI6QoWw4//DL+icEBfc0U7qJCisqrTsKTjw4fNFy2pW9OqStD84g==
    dependencies:
      is-arrayish "^0.2.1"
  
  escape-string-regexp@^1.0.2, escape-string-regexp@^1.0.5:
    version "1.0.5"
    resolved "https://registry.npmmirror.com/escape-string-regexp/-/escape-string-regexp-1.0.5.tgz#1b61c0562190a8dff6ae3bb2cf0200ca130b86d4"
    integrity sha512-vbRorB5FUQWvla16U8R/qgaFIya2qGzwDrNmCZuYKrbdSUMG6I1ZCGQRefkRVhuOkIGVne7BQ35DSfo1qvJqFg==
  
  esprima@^4.0.0:
    version "4.0.1"
    resolved "https://registry.npmmirror.com/esprima/-/esprima-4.0.1.tgz#13b04cdb3e6c5d19df91ab6987a8695619b0aa71"
    integrity sha512-eGuFFw7Upda+g4p+QHvnW0RyTX/SVeJBDM/gCtMARO0cLuT2HcEKnTPvhjV6aGeqrCB/sbNop0Kszm0jsaWU4A==
  
  esutils@^2.0.2:
    version "2.0.3"
    resolved "https://registry.npmmirror.com/esutils/-/esutils-2.0.3.tgz#74d2eb4de0b8da1293711910d50775b9b710ef64"
    integrity sha512-kVscqXk4OCp68SZ0dkgEKVi6/8ij300KBWTJq32P/dYeWTSwK41WyTxalN1eRmA5Z9UU/LX9D7FWSmV9SAYx6g==
  
  extracted-loader@1.0.4:
    version "1.0.4"
    resolved "https://registry.npmmirror.com/extracted-loader/-/extracted-loader-1.0.4.tgz#e1a3f1791813c14091a1959e261e23e95dd90115"
    integrity sha512-G8A0hT/WCWIjesZm7BwbWdST5dQ08GNnCpTrJT/k/FYzuiJwlV1gyWjnuoizOzAR4jpEYXG2J++JyEKN/EB26Q==
  
  fast-deep-equal@^3.1.1:
    version "3.1.3"
    resolved "https://registry.npmmirror.com/fast-deep-equal/-/fast-deep-equal-3.1.3.tgz#3a7d56b559d6cbc3eb512325244e619a65c6c525"
    integrity sha512-f3qQ9oQy9j2AhBe/H9VC91wLmKBCCU/gDOnKNAYG5hswO7BLKj09Hc5HYNz9cGI++xlpDCIgDaitVs03ATR84Q==
  
  fast-json-stable-stringify@^2.0.0:
    version "2.1.0"
    resolved "https://registry.npmmirror.com/fast-json-stable-stringify/-/fast-json-stable-stringify-2.1.0.tgz#874bf69c6f404c2b5d99c481341399fd55892633"
    integrity sha512-lhd/wF+Lk98HZoTCtlVraHtfh5XYijIjalXck7saUtuanSDyLMxnHhSXEDJqHxD7msR8D0uCmqlkwjCV8xvwHw==
  
  fastparse@^1.1.2:
    version "1.1.2"
    resolved "https://registry.npmmirror.com/fastparse/-/fastparse-1.1.2.tgz#91728c5a5942eced8531283c79441ee4122c35a9"
    integrity sha512-483XLLxTVIwWK3QTrMGRqUfUpoOs/0hbQrl2oz4J0pAcm3A3bu84wxTFqGqkJzewCLdME38xJLJAxBABfQT8sQ==
  
  find-up@2.1.0:
    version "2.1.0"
    resolved "https://registry.npmmirror.com/find-up/-/find-up-2.1.0.tgz#45d1b7e506c717ddd482775a2b77920a3c0c57a7"
    integrity sha512-NWzkk0jSJtTt08+FBFMvXoeZnOJD+jTtsRmBYbAIzJdX6l7dLgR7CTubCM5/eDdPUBvLCeVasP1brfVR/9/EZQ==
    dependencies:
      locate-path "^2.0.0"
  
  has-ansi@^2.0.0:
    version "2.0.0"
    resolved "https://registry.npmmirror.com/has-ansi/-/has-ansi-2.0.0.tgz#34f5049ce1ecdf2b0649af3ef24e45ed35416d91"
    integrity sha512-C8vBJ8DwUCx19vhm7urhTuUsr4/IyP6l4VzNQDv+ryHQObW3TTTp9yB68WpYgRe2bbaGuZ/se74IqFeVnMnLZg==
    dependencies:
      ansi-regex "^2.0.0"
  
  has-flag@^3.0.0:
    version "3.0.0"
    resolved "https://registry.npmmirror.com/has-flag/-/has-flag-3.0.0.tgz#b5d454dc2199ae225699f3467e5a07f3b955bafd"
    integrity sha512-sKJf1+ceQBr4SMkvQnBDNDtf4TXpVhVGateu0t918bl30FnbE2m4vNLX+VWe/dpjlb+HugGYzW7uQXH98HPEYw==
  
  icss-replace-symbols@^1.1.0:
    version "1.1.0"
    resolved "https://registry.npmmirror.com/icss-replace-symbols/-/icss-replace-symbols-1.1.0.tgz#06ea6f83679a7749e386cfe1fe812ae5db223ded"
    integrity sha512-chIaY3Vh2mh2Q3RGXttaDIzeiPvaVXJ+C4DAh/w3c37SKZ/U6PGMmuicR2EQQp9bKG8zLMCl7I+PtIoOOPp8Gg==
  
  icss-utils@^2.1.0:
    version "2.1.0"
    resolved "https://registry.npmmirror.com/icss-utils/-/icss-utils-2.1.0.tgz#83f0a0ec378bf3246178b6c2ad9136f135b1c962"
    integrity sha512-bsVoyn/1V4R1kYYjLcWLedozAM4FClZUdjE9nIr8uWY7xs78y9DATgwz2wGU7M+7z55KenmmTkN2DVJ7bqzjAA==
    dependencies:
      postcss "^6.0.1"
  
  ignore-loader@0.1.2:
    version "0.1.2"
    resolved "https://registry.npmmirror.com/ignore-loader/-/ignore-loader-0.1.2.tgz#d81f240376d0ba4f0d778972c3ad25874117a463"
    integrity sha512-yOJQEKrNwoYqrWLS4DcnzM7SEQhRKis5mB+LdKKh4cPmGYlLPR0ozRzHV5jmEk2IxptqJNQA5Cc0gw8Fj12bXA==
  
  import-cwd@^2.0.0:
    version "2.1.0"
    resolved "https://registry.npmmirror.com/import-cwd/-/import-cwd-2.1.0.tgz#aa6cf36e722761285cb371ec6519f53e2435b0a9"
    integrity sha512-Ew5AZzJQFqrOV5BTW3EIoHAnoie1LojZLXKcCQ/yTRyVZosBhK1x1ViYjHGf5pAFOq8ZyChZp6m/fSN7pJyZtg==
    dependencies:
      import-from "^2.1.0"
  
  import-fresh@^2.0.0:
    version "2.0.0"
    resolved "https://registry.npmmirror.com/import-fresh/-/import-fresh-2.0.0.tgz#d81355c15612d386c61f9ddd3922d4304822a546"
    integrity sha512-eZ5H8rcgYazHbKC3PG4ClHNykCSxtAhxSSEM+2mb+7evD2CKF5V7c0dNum7AdpDh0ZdICwZY9sRSn8f+KH96sg==
    dependencies:
      caller-path "^2.0.0"
      resolve-from "^3.0.0"
  
  import-from@^2.1.0:
    version "2.1.0"
    resolved "https://registry.npmmirror.com/import-from/-/import-from-2.1.0.tgz#335db7f2a7affd53aaa471d4b8021dee36b7f3b1"
    integrity sha512-0vdnLL2wSGnhlRmzHJAg5JHjt1l2vYhzJ7tNLGbeVg0fse56tpGaH0uzH+r9Slej+BSXXEHvBKDEnVSLLE9/+w==
    dependencies:
      resolve-from "^3.0.0"
  
  is-arrayish@^0.2.1:
    version "0.2.1"
    resolved "https://registry.npmmirror.com/is-arrayish/-/is-arrayish-0.2.1.tgz#77c99840527aa8ecb1a8ba697b80645a7a926a9d"
    integrity sha512-zz06S8t0ozoDXMG+ube26zeCTNXcKIPJZJi8hBrF4idCLms4CG9QtK7qBl1boi5ODzFpjswb5JPmHCbMpjaYzg==
  
  is-directory@^0.3.1:
    version "0.3.1"
    resolved "https://registry.npmmirror.com/is-directory/-/is-directory-0.3.1.tgz#61339b6f2475fc772fd9c9d83f5c8575dc154ae1"
    integrity sha512-yVChGzahRFvbkscn2MlwGismPO12i9+znNruC5gVEntG3qu0xQMzsGg/JFbrsqDOHtHFPci+V5aP5T9I+yeKqw==
  
  "js-tokens@^3.0.0 || ^4.0.0":
    version "4.0.0"
    resolved "https://registry.npmmirror.com/js-tokens/-/js-tokens-4.0.0.tgz#19203fb59991df98e3a287050d4647cdeaf32499"
    integrity sha512-RdJUflcE3cUzKiMqQgsCu06FPu9UdIJO0beYbPhHN4k6apgJtifcoCtT9bcxOpYBtpD2kCM6Sbzg4CausW/PKQ==
  
  js-tokens@^3.0.2:
    version "3.0.2"
    resolved "https://registry.npmmirror.com/js-tokens/-/js-tokens-3.0.2.tgz#9866df395102130e38f7f996bceb65443209c25b"
    integrity sha512-RjTcuD4xjtthQkaWH7dFlH85L+QaVtSoOyGdZ3g6HFhS9dFNDfLyqgm2NFe2X6cQpeFmt0452FJjFG5UameExg==
  
  js-yaml@^3.13.1:
    version "3.14.1"
    resolved "https://registry.npmmirror.com/js-yaml/-/js-yaml-3.14.1.tgz#dae812fdb3825fa306609a8717383c50c36a0537"
    integrity sha512-okMH7OXXJ7YrN9Ok3/SXrnu4iX9yOk+25nqX4imS2npuvTYDmo/QEZoqwZkYaIDk3jVvBOTOIEgEhaLOynBS9g==
    dependencies:
      argparse "^1.0.7"
      esprima "^4.0.0"
  
  json-parse-better-errors@^1.0.1:
    version "1.0.2"
    resolved "https://registry.npmmirror.com/json-parse-better-errors/-/json-parse-better-errors-1.0.2.tgz#bb867cfb3450e69107c131d1c514bab3dc8bcaa9"
    integrity sha512-mrqyZKfX5EhL7hvqcV6WG1yYjnjeuYDzDhhcAAUrq8Po85NBQBJP+ZDUT75qZQ98IkUoBqdkExkukOU7Ts2wrw==
  
  json-schema-traverse@^0.4.1:
    version "0.4.1"
    resolved "https://registry.npmmirror.com/json-schema-traverse/-/json-schema-traverse-0.4.1.tgz#69f6a87d9513ab8bb8fe63bdb0979c448e684660"
    integrity sha512-xbbCH5dCYU5T8LcEhhuh7HJ88HXuW3qsI3Y0zOZFKfZEHcpWiHU/Jxzk629Brsab/mMiHQti9wMP+845RPe3Vg==
  
  json2mq@^0.2.0:
    version "0.2.0"
    resolved "https://registry.npmmirror.com/json2mq/-/json2mq-0.2.0.tgz#b637bd3ba9eabe122c83e9720483aeb10d2c904a"
    integrity sha512-SzoRg7ux5DWTII9J2qkrZrqV1gt+rTaoufMxEzXbS26Uid0NwaJd123HcoB80TgubEppxxIGdNxCx50fEoEWQA==
    dependencies:
      string-convert "^0.2.0"
  
  json5@^1.0.1:
    version "1.0.1"
    resolved "https://registry.npmmirror.com/json5/-/json5-1.0.1.tgz#779fb0018604fa854eacbf6252180d83543e3dbe"
    integrity sha512-aKS4WQjPenRxiQsC93MNfjx+nbF4PAdYzmd/1JIj8HYzqfbu86beTuNgXDzPknWk0n0uARlyewZo4s++ES36Ow==
    dependencies:
      minimist "^1.2.0"
  
  loader-utils@^1.0.2, loader-utils@^1.1.0:
    version "1.4.0"
    resolved "https://registry.npmmirror.com/loader-utils/-/loader-utils-1.4.0.tgz#c579b5e34cb34b1a74edc6c1fb36bfa371d5a613"
    integrity sha512-qH0WSMBtn/oHuwjy/NucEgbx5dbxxnxup9s4PVXJUDHZBQY+s0NWA9rJf53RBnQZxfch7euUui7hpoAPvALZdA==
    dependencies:
      big.js "^5.2.2"
      emojis-list "^3.0.0"
      json5 "^1.0.1"
  
  locate-path@^2.0.0:
    version "2.0.0"
    resolved "https://registry.npmmirror.com/locate-path/-/locate-path-2.0.0.tgz#2b568b265eec944c6d9c0de9c3dbbbca0354cd8e"
    integrity sha512-NCI2kiDkyR7VeEKm27Kda/iQHyKJe1Bu0FlTbYp3CqJu+9IFe9bLyAjMxf5ZDDbEg+iMPzB5zYyUTSm8wVTKmA==
    dependencies:
      p-locate "^2.0.0"
      path-exists "^3.0.0"
  
  lodash.camelcase@^4.3.0:
    version "4.3.0"
    resolved "https://registry.npmmirror.com/lodash.camelcase/-/lodash.camelcase-4.3.0.tgz#b28aa6288a2b9fc651035c7711f65ab6190331a6"
    integrity sha512-TwuEnCnxbc3rAvhf/LbG7tJUDzhqXyFnv3dtzLOPgCG/hODL7WFnsbwktkD7yUV0RrreP/l1PALq/YSg6VvjlA==
  
  lodash@^4.17.21:
    version "4.17.21"
    resolved "https://registry.npmmirror.com/lodash/-/lodash-4.17.21.tgz#679591c564c3bffaae8454cf0b3df370c3d6911c"
    integrity sha512-v2kDEe57lecTulaDIuNTPy3Ry4gLGJ6Z1O3vE1krgXZNrsQ+LFTGHVxVjcXPs17LhbZVGedAJv8XZ1tvj5FvSg==
  
  loose-envify@^1.1.0:
    version "1.4.0"
    resolved "https://registry.npmmirror.com/loose-envify/-/loose-envify-1.4.0.tgz#71ee51fa7be4caec1a63839f7e682d8132d30caf"
    integrity sha512-lyuxPGr/Wfhrlem2CL/UcnUc1zcqKAImBDzukY7Y5F/yQiNdko6+fRLevlw1HgMySw7f611UIY408EtxRSoK3Q==
    dependencies:
      js-tokens "^3.0.0 || ^4.0.0"
  
  memoize-one@^6.0.0:
    version "6.0.0"
    resolved "https://registry.npmmirror.com/memoize-one/-/memoize-one-6.0.0.tgz#b2591b871ed82948aee4727dc6abceeeac8c1045"
    integrity sha512-rkpe71W0N0c0Xz6QD0eJETuWAJGnJ9afsl1srmwPrI+yBCkge5EycXXbYRyvL29zZVUWQCY7InPRCv3GDXuZNw==
  
  mini-css-extract-plugin@0.4.3:
    version "0.4.3"
    resolved "https://registry.npmmirror.com/mini-css-extract-plugin/-/mini-css-extract-plugin-0.4.3.tgz#98d60fcc5d228c3e36a9bd15a1d6816d6580beb8"
    integrity sha512-Mxs0nxzF1kxPv4TRi2NimewgXlJqh0rGE30vviCU2WHrpbta6wklnUV9dr9FUtoAHmB3p3LeXEC+ZjgHvB0Dzg==
    dependencies:
      loader-utils "^1.1.0"
      schema-utils "^1.0.0"
      webpack-sources "^1.1.0"
  
  minimist@^1.2.0:
    version "1.2.5"
    resolved "https://registry.npmmirror.com/minimist/-/minimist-1.2.5.tgz#67d66014b66a6a8aaa0c083c5fd58df4e4e97602"
    integrity sha512-FM9nNUYrRBAELZQT3xeZQ7fmMOBg6nWNmJKTcgsJeaLstP/UODVpGsr5OhXhhXg6f+qtJ8uiZ+PUxkDWcgIXLw==
  
  moment@^2.24.0, moment@^2.25.3:
    version "2.29.1"
    resolved "https://registry.npmmirror.com/moment/-/moment-2.29.1.tgz#b2be769fa31940be9eeea6469c075e35006fa3d3"
    integrity sha512-kHmoybcPV8Sqy59DwNDY3Jefr64lK/by/da0ViFcuA4DH0vQg5Q6Ze5VimxkfQNSC+Mls/Kx53s7TjP1RhFEDQ==
  
  nanoid@^3.1.30:
    version "3.3.1"
    resolved "https://registry.npmmirror.com/nanoid/-/nanoid-3.3.1.tgz#6347a18cac88af88f58af0b3594b723d5e99bb35"
    integrity sha512-n6Vs/3KGyxPQd6uO0eH4Bv0ojGSUvuLlIHtC3Y0kEO23YRge8H9x1GCzLn28YX0H66pMkxuaeESFq4tKISKwdw==
  
  next@12.1.0:
    version "12.1.0"
    resolved "https://registry.npmmirror.com/next/-/next-12.1.0.tgz#c33d753b644be92fc58e06e5a214f143da61dd5d"
    integrity sha512-s885kWvnIlxsUFHq9UGyIyLiuD0G3BUC/xrH0CEnH5lHEWkwQcHOORgbDF0hbrW9vr/7am4ETfX4A7M6DjrE7Q==
    dependencies:
      "@next/env" "12.1.0"
      caniuse-lite "^1.0.30001283"
      postcss "8.4.5"
      styled-jsx "5.0.0"
      use-subscription "1.5.1"
    optionalDependencies:
      "@next/swc-android-arm64" "12.1.0"
      "@next/swc-darwin-arm64" "12.1.0"
      "@next/swc-darwin-x64" "12.1.0"
      "@next/swc-linux-arm-gnueabihf" "12.1.0"
      "@next/swc-linux-arm64-gnu" "12.1.0"
      "@next/swc-linux-arm64-musl" "12.1.0"
      "@next/swc-linux-x64-gnu" "12.1.0"
      "@next/swc-linux-x64-musl" "12.1.0"
      "@next/swc-win32-arm64-msvc" "12.1.0"
      "@next/swc-win32-ia32-msvc" "12.1.0"
      "@next/swc-win32-x64-msvc" "12.1.0"
  
  object-assign@^4.1.1:
    version "4.1.1"
    resolved "https://registry.npmmirror.com/object-assign/-/object-assign-4.1.1.tgz#2109adc7965887cfc05cbbd442cac8bfbb360863"
    integrity sha512-rJgTQnkUnH1sFw8yT6VSU3zD3sWmu6sZhIseY8VX+GRu3P6F7Fu+JNDoXfklElbLJSnc3FUQHVe4cU5hj+BcUg==
  
  p-limit@^1.1.0:
    version "1.3.0"
    resolved "https://registry.npmmirror.com/p-limit/-/p-limit-1.3.0.tgz#b86bd5f0c25690911c7590fcbfc2010d54b3ccb8"
    integrity sha512-vvcXsLAJ9Dr5rQOPk7toZQZJApBl2K4J6dANSsEuh6QI41JYcsS/qhTGa9ErIUUgK3WNQoJYvylxvjqmiqEA9Q==
    dependencies:
      p-try "^1.0.0"
  
  p-locate@^2.0.0:
    version "2.0.0"
    resolved "https://registry.npmmirror.com/p-locate/-/p-locate-2.0.0.tgz#20a0103b222a70c8fd39cc2e580680f3dde5ec43"
    integrity sha512-nQja7m7gSKuewoVRen45CtVfODR3crN3goVQ0DDZ9N3yHxgpkuBhZqsaiotSQRrADUrne346peY7kT3TSACykg==
    dependencies:
      p-limit "^1.1.0"
  
  p-try@^1.0.0:
    version "1.0.0"
    resolved "https://registry.npmmirror.com/p-try/-/p-try-1.0.0.tgz#cbc79cdbaf8fd4228e13f621f2b1a237c1b207b3"
    integrity sha512-U1etNYuMJoIz3ZXSrrySFjsXQTWOx2/jdi86L+2pRvph/qMKL6sbcCYdH23fqsbm8TH2Gn0OybpT4eSFlCVHww==
  
  parse-json@^4.0.0:
    version "4.0.0"
    resolved "https://registry.npmmirror.com/parse-json/-/parse-json-4.0.0.tgz#be35f5425be1f7f6c747184f98a788cb99477ee0"
    integrity sha512-aOIos8bujGN93/8Ox/jPLh7RwVnPEysynVFE+fQZyg6jKELEHwzgKdLRFHUgXJL6kylijVSBC4BvN9OmsB48Rw==
    dependencies:
      error-ex "^1.3.1"
      json-parse-better-errors "^1.0.1"
  
  path-exists@^3.0.0:
    version "3.0.0"
    resolved "https://registry.npmmirror.com/path-exists/-/path-exists-3.0.0.tgz#ce0ebeaa5f78cb18925ea7d810d7b59b010fd515"
    integrity sha512-bpC7GYwiDYQ4wYLe+FA8lhRjhQCMcQGuSgGGqDkg/QerRWw9CmGRT0iSOVRSZJ29NMLZgIzqaljJ63oaL4NIJQ==
  
  picocolors@^0.2.1:
    version "0.2.1"
    resolved "https://registry.npmmirror.com/picocolors/-/picocolors-0.2.1.tgz#570670f793646851d1ba135996962abad587859f"
    integrity sha512-cMlDqaLEqfSaW8Z7N5Jw+lyIW869EzT73/F5lhtY9cLGoVxSXznfgfXMO0Z5K0o0Q2TkTXq+0KFsdnSe3jDViA==
  
  picocolors@^1.0.0:
    version "1.0.0"
    resolved "https://registry.npmmirror.com/picocolors/-/picocolors-1.0.0.tgz#cb5bdc74ff3f51892236eaf79d68bc44564ab81c"
    integrity sha512-1fygroTLlHu66zi26VoTDv8yRgm0Fccecssto+MhsZ0D/DGW2sm8E8AjW7NU5VVTRt5GxbeZ5qBuJr+HyLYkjQ==
  
  postcss-load-config@^2.0.0:
    version "2.1.2"
    resolved "https://registry.npmmirror.com/postcss-load-config/-/postcss-load-config-2.1.2.tgz#c5ea504f2c4aef33c7359a34de3573772ad7502a"
    integrity sha512-/rDeGV6vMUo3mwJZmeHfEDvwnTKKqQ0S7OHUi/kJvvtx3aWtyWG2/0ZWnzCt2keEclwN6Tf0DST2v9kITdOKYw==
    dependencies:
      cosmiconfig "^5.0.0"
      import-cwd "^2.0.0"
  
  postcss-loader@3.0.0:
    version "3.0.0"
    resolved "https://registry.npmmirror.com/postcss-loader/-/postcss-loader-3.0.0.tgz#6b97943e47c72d845fa9e03f273773d4e8dd6c2d"
    integrity sha512-cLWoDEY5OwHcAjDnkyRQzAXfs2jrKjXpO/HQFcc5b5u/r7aa471wdmChmwfnv7x2u840iat/wi0lQ5nbRgSkUA==
    dependencies:
      loader-utils "^1.1.0"
      postcss "^7.0.0"
      postcss-load-config "^2.0.0"
      schema-utils "^1.0.0"
  
  postcss-modules-extract-imports@^1.2.0:
    version "1.2.1"
    resolved "https://registry.npmmirror.com/postcss-modules-extract-imports/-/postcss-modules-extract-imports-1.2.1.tgz#dc87e34148ec7eab5f791f7cd5849833375b741a"
    integrity sha512-6jt9XZwUhwmRUhb/CkyJY020PYaPJsCyt3UjbaWo6XEbH/94Hmv6MP7fG2C5NDU/BcHzyGYxNtHvM+LTf9HrYw==
    dependencies:
      postcss "^6.0.1"
  
  postcss-modules-local-by-default@^1.2.0:
    version "1.2.0"
    resolved "https://registry.npmmirror.com/postcss-modules-local-by-default/-/postcss-modules-local-by-default-1.2.0.tgz#f7d80c398c5a393fa7964466bd19500a7d61c069"
    integrity sha512-X4cquUPIaAd86raVrBwO8fwRfkIdbwFu7CTfEOjiZQHVQwlHRSkTgH5NLDmMm5+1hQO8u6dZ+TOOJDbay1hYpA==
    dependencies:
      css-selector-tokenizer "^0.7.0"
      postcss "^6.0.1"
  
  postcss-modules-scope@^1.1.0:
    version "1.1.0"
    resolved "https://registry.npmmirror.com/postcss-modules-scope/-/postcss-modules-scope-1.1.0.tgz#d6ea64994c79f97b62a72b426fbe6056a194bb90"
    integrity sha512-LTYwnA4C1He1BKZXIx1CYiHixdSe9LWYVKadq9lK5aCCMkoOkFyZ7aigt+srfjlRplJY3gIol6KUNefdMQJdlw==
    dependencies:
      css-selector-tokenizer "^0.7.0"
      postcss "^6.0.1"
  
  postcss-modules-values@^1.3.0:
    version "1.3.0"
    resolved "https://registry.npmmirror.com/postcss-modules-values/-/postcss-modules-values-1.3.0.tgz#ecffa9d7e192518389f42ad0e83f72aec456ea20"
    integrity sha512-i7IFaR9hlQ6/0UgFuqM6YWaCfA1Ej8WMg8A5DggnH1UGKJvTV/ugqq/KaULixzzOi3T/tF6ClBXcHGCzdd5unA==
    dependencies:
      icss-replace-symbols "^1.1.0"
      postcss "^6.0.1"
  
  postcss-value-parser@^3.3.0:
    version "3.3.1"
    resolved "https://registry.npmmirror.com/postcss-value-parser/-/postcss-value-parser-3.3.1.tgz#9ff822547e2893213cf1c30efa51ac5fd1ba8281"
    integrity sha512-pISE66AbVkp4fDQ7VHBwRNXzAAKJjw4Vw7nWI/+Q3vuly7SNfgYXvm6i5IgFylHGK5sP/xHAbB7N49OS4gWNyQ==
  
  postcss@8.4.5:
    version "8.4.5"
    resolved "https://registry.npmmirror.com/postcss/-/postcss-8.4.5.tgz#bae665764dfd4c6fcc24dc0fdf7e7aa00cc77f95"
    integrity sha512-jBDboWM8qpaqwkMwItqTQTiFikhs/67OYVvblFFTM7MrZjt6yMKd6r2kgXizEbTTljacm4NldIlZnhbjr84QYg==
    dependencies:
      nanoid "^3.1.30"
      picocolors "^1.0.0"
      source-map-js "^1.0.1"
  
  postcss@^6.0.1, postcss@^6.0.23:
    version "6.0.23"
    resolved "https://registry.npmmirror.com/postcss/-/postcss-6.0.23.tgz#61c82cc328ac60e677645f979054eb98bc0e3324"
    integrity sha512-soOk1h6J3VMTZtVeVpv15/Hpdl2cBLX3CAw4TAbkpTJiNPk9YP/zWcD1ND+xEtvyuuvKzbxliTOIyvkSeSJ6ag==
    dependencies:
      chalk "^2.4.1"
      source-map "^0.6.1"
      supports-color "^5.4.0"
  
  postcss@^7.0.0:
    version "7.0.39"
    resolved "https://registry.npmmirror.com/postcss/-/postcss-7.0.39.tgz#9624375d965630e2e1f2c02a935c82a59cb48309"
    integrity sha512-yioayjNbHn6z1/Bywyb2Y4s3yvDAeXGOyxqD+LnVOinq6Mdmd++SW2wUNVzavyyHxd6+DxzWGIuosg6P1Rj8uA==
    dependencies:
      picocolors "^0.2.1"
      source-map "^0.6.1"
  
  punycode@^2.1.0:
    version "2.1.1"
    resolved "https://registry.npmmirror.com/punycode/-/punycode-2.1.1.tgz#b58b010ac40c22c5657616c8d2c2c02c7bf479ec"
    integrity sha512-XRsRjdf+j5ml+y/6GKHPZbrF/8p2Yga0JPtdqTIY2Xe5ohJPD9saDJJLPvp9+NSBprVvevdXZybnj2cv8OEd0A==
  
  rc-align@^4.0.0:
    version "4.0.11"
    resolved "https://registry.npmmirror.com/rc-align/-/rc-align-4.0.11.tgz#8198c62db266bc1b8ef05e56c13275bf72628a5e"
    integrity sha512-n9mQfIYQbbNTbefyQnRHZPWuTEwG1rY4a9yKlIWHSTbgwI+XUMGRYd0uJ5pE2UbrNX0WvnMBA1zJ3Lrecpra/A==
    dependencies:
      "@babel/runtime" "^7.10.1"
      classnames "2.x"
      dom-align "^1.7.0"
      lodash "^4.17.21"
      rc-util "^5.3.0"
      resize-observer-polyfill "^1.5.1"
  
  rc-cascader@~3.2.1:
    version "3.2.9"
    resolved "https://registry.npmmirror.com/rc-cascader/-/rc-cascader-3.2.9.tgz#b993fa2829d77e9cb98cf4b7711e13a1b1812db6"
    integrity sha512-Mvkegzf506PD7qc38kg2tGllIBXs5dio3DPg+NER7SiOfCXBCATWYEs0CbUp8JDQgYHoHF0vPvFMYtxFTJuWaw==
    dependencies:
      "@babel/runtime" "^7.12.5"
      array-tree-filter "^2.1.0"
      classnames "^2.3.1"
      rc-select "~14.0.0-alpha.23"
      rc-tree "~5.4.3"
      rc-util "^5.6.1"
  
  rc-checkbox@~2.3.0:
    version "2.3.2"
    resolved "https://registry.npmmirror.com/rc-checkbox/-/rc-checkbox-2.3.2.tgz#f91b3678c7edb2baa8121c9483c664fa6f0aefc1"
    integrity sha512-afVi1FYiGv1U0JlpNH/UaEXdh6WUJjcWokj/nUN2TgG80bfG+MDdbfHKlLcNNba94mbjy2/SXJ1HDgrOkXGAjg==
    dependencies:
      "@babel/runtime" "^7.10.1"
      classnames "^2.2.1"
  
  rc-collapse@~3.1.0:
    version "3.1.2"
    resolved "https://registry.npmmirror.com/rc-collapse/-/rc-collapse-3.1.2.tgz#76028a811b845d03d9460ccc409c7ea8ad09db14"
    integrity sha512-HujcKq7mghk/gVKeI6EjzTbb8e19XUZpakrYazu1MblEZ3Hu3WBMSN4A3QmvbF6n1g7x6lUlZvsHZ5shABWYOQ==
    dependencies:
      "@babel/runtime" "^7.10.1"
      classnames "2.x"
      rc-motion "^2.3.4"
      rc-util "^5.2.1"
      shallowequal "^1.1.0"
  
  rc-dialog@~8.6.0:
    version "8.6.0"
    resolved "https://registry.npmmirror.com/rc-dialog/-/rc-dialog-8.6.0.tgz#3b228dac085de5eed8c6237f31162104687442e7"
    integrity sha512-GSbkfqjqxpZC5/zc+8H332+q5l/DKUhpQr0vdX2uDsxo5K0PhvaMEVjyoJUTkZ3+JstEADQji1PVLVb/2bJeOQ==
    dependencies:
      "@babel/runtime" "^7.10.1"
      classnames "^2.2.6"
      rc-motion "^2.3.0"
      rc-util "^5.6.1"
  
  rc-drawer@~4.4.2:
    version "4.4.3"
    resolved "https://registry.npmmirror.com/rc-drawer/-/rc-drawer-4.4.3.tgz#2094937a844e55dc9644236a2d9fba79c344e321"
    integrity sha512-FYztwRs3uXnFOIf1hLvFxIQP9MiZJA+0w+Os8dfDh/90X7z/HqP/Yg+noLCIeHEbKln1Tqelv8ymCAN24zPcfQ==
    dependencies:
      "@babel/runtime" "^7.10.1"
      classnames "^2.2.6"
      rc-util "^5.7.0"
  
  rc-dropdown@^3.2.0, rc-dropdown@~3.3.2:
    version "3.3.3"
    resolved "https://registry.npmmirror.com/rc-dropdown/-/rc-dropdown-3.3.3.tgz#17ba32ebd066ae397b00e9e4d570c7c21daed88f"
    integrity sha512-UNe68VpvtrpU0CS4jh5hD4iGqzi4Pdp7uOya6+H3QIEZxe7K+Xs11BNjZm6W4MaL0jTmzUj+bxvnq5bP3rRoVQ==
    dependencies:
      "@babel/runtime" "^7.10.1"
      classnames "^2.2.6"
      rc-trigger "^5.0.4"
      rc-util "^5.17.0"
  
  rc-field-form@~1.24.0:
    version "1.24.0"
    resolved "https://registry.npmmirror.com/rc-field-form/-/rc-field-form-1.24.0.tgz#2510a5c34713831ddcb412d4560be9057fc0dc5e"
    integrity sha512-5beNBU5gEyi8YRYyqbTWSu5hO0jZQN0AWpY3U7TcllUKrDLcZZdRXuAOpyxJQcttWFs+UAFsbcRAUtnOGBjl7w==
    dependencies:
      "@babel/runtime" "^7.8.4"
      async-validator "^4.0.2"
      rc-util "^5.8.0"
  
  rc-image@~5.2.5:
    version "5.2.5"
    resolved "https://registry.npmmirror.com/rc-image/-/rc-image-5.2.5.tgz#44e6ffc842626827960e7ab72e1c0d6f3a8ce440"
    integrity sha512-qUfZjYIODxO0c8a8P5GeuclYXZjzW4hV/5hyo27XqSFo1DmTCs2HkVeQObkcIk5kNsJtgsj1KoPThVsSc/PXOw==
    dependencies:
      "@babel/runtime" "^7.11.2"
      classnames "^2.2.6"
      rc-dialog "~8.6.0"
      rc-util "^5.0.6"
  
  rc-input-number@~7.3.0:
    version "7.3.4"
    resolved "https://registry.npmmirror.com/rc-input-number/-/rc-input-number-7.3.4.tgz#674aea98260250287d36e330a7e065b174486e9d"
    integrity sha512-W9uqSzuvJUnz8H8vsVY4kx+yK51SsAxNTwr8SNH4G3XqQNocLVmKIibKFRjocnYX1RDHMND9FFbgj2h7E7nvGA==
    dependencies:
      "@babel/runtime" "^7.10.1"
      classnames "^2.2.5"
      rc-util "^5.9.8"
  
  rc-input@~0.0.1-alpha.5:
    version "0.0.1-alpha.5"
    resolved "https://registry.npmmirror.com/rc-input/-/rc-input-0.0.1-alpha.5.tgz#cc043c44570c651f4d10d9809b3d634ed12537e6"
    integrity sha512-RHvNweOVWFbbx2l/y6hgnSAdOg5fXc1D1VGhX2RNkGGyGr6cemnvyiYMxwZJjcXs0al3YK9jMObm20+DgH/mpw==
    dependencies:
      "@babel/runtime" "^7.11.1"
      classnames "^2.2.1"
      rc-util "^5.18.1"
  
  rc-mentions@~1.6.1:
    version "1.6.4"
    resolved "https://registry.npmmirror.com/rc-mentions/-/rc-mentions-1.6.4.tgz#b1c3c3864cee7a12bd51067f93eec24ba1000c70"
    integrity sha512-fhY6i39oATTW0F3+zXJKc2wyFVGu14j/HT0eQKf963JBwunuTRXpwbsB4XxxNjl3ZyV6KecPCfRGBAHR8cLHnQ==
    dependencies:
      "@babel/runtime" "^7.10.1"
      classnames "^2.2.6"
      rc-menu "^9.0.0"
      rc-textarea "^0.3.0"
      rc-trigger "^5.0.4"
      rc-util "^5.0.1"
  
  rc-menu@^9.0.0:
    version "9.5.1"
    resolved "https://registry.npmmirror.com/rc-menu/-/rc-menu-9.5.1.tgz#c9347a0aa047ce2b653374372ba912691fa7468b"
    integrity sha512-eiwxqD+a6RdOqmppgcuSWP+d0OnWhD0aMxCjpE9ZR61CoRv9zeLhxPVLvYM/v8pJ/mb52E1Nw150Xb6B9PsOQQ==
    dependencies:
      "@babel/runtime" "^7.10.1"
      classnames "2.x"
      rc-motion "^2.4.3"
      rc-overflow "^1.2.0"
      rc-trigger "^5.1.2"
      rc-util "^5.12.0"
      shallowequal "^1.1.0"
  
  rc-menu@~9.3.2:
    version "9.3.2"
    resolved "https://registry.npmmirror.com/rc-menu/-/rc-menu-9.3.2.tgz#bb842d37ebf71da912bea201cf7ef0a27267ad49"
    integrity sha512-h3m45oY1INZyqphGELkdT0uiPnFzxkML8m0VMhJnk2fowtqfiT7F5tJLT3znEVaPIY80vMy1bClCkgq8U91CzQ==
    dependencies:
      "@babel/runtime" "^7.10.1"
      classnames "2.x"
      rc-motion "^2.4.3"
      rc-overflow "^1.2.0"
      rc-trigger "^5.1.2"
      rc-util "^5.12.0"
      shallowequal "^1.1.0"
  
  rc-motion@^2.0.0, rc-motion@^2.0.1, rc-motion@^2.2.0, rc-motion@^2.3.0, rc-motion@^2.3.4, rc-motion@^2.4.3, rc-motion@^2.4.4:
    version "2.4.6"
    resolved "https://registry.npmmirror.com/rc-motion/-/rc-motion-2.4.6.tgz#b9e07391927fb7bc14e62dcd839146958db6b2ef"
    integrity sha512-nXIHve2EDQZ8BFHfgJI3HYMMOZ7HGsolCfA9ozP99/gc1UqpgKys1TYrQWdXa2trff0V3JLhgn2zz+w9VsyktA==
    dependencies:
      "@babel/runtime" "^7.11.1"
      classnames "^2.2.1"
      rc-util "^5.19.2"
  
  rc-notification@~4.5.7:
    version "4.5.7"
    resolved "https://registry.npmmirror.com/rc-notification/-/rc-notification-4.5.7.tgz#265e6e6a0c1a0fac63d6abd4d832eb8ff31522f1"
    integrity sha512-zhTGUjBIItbx96SiRu3KVURcLOydLUHZCPpYEn1zvh+re//Tnq/wSxN4FKgp38n4HOgHSVxcLEeSxBMTeBBDdw==
    dependencies:
      "@babel/runtime" "^7.10.1"
      classnames "2.x"
      rc-motion "^2.2.0"
      rc-util "^5.0.1"
  
  rc-overflow@^1.0.0, rc-overflow@^1.2.0:
    version "1.2.4"
    resolved "https://registry.npmmirror.com/rc-overflow/-/rc-overflow-1.2.4.tgz#e25cd3c4a98b4f8233a8dab7172ab2dbcc83b45e"
    integrity sha512-nIeelyYfdS+mQBK1++FisLZEvZ8xVAzC+duG+TC4TmqNN+kTHraiGntV9/zxDGA1ruyQ91YRJ549JjFodCBnsw==
    dependencies:
      "@babel/runtime" "^7.11.1"
      classnames "^2.2.1"
      rc-resize-observer "^1.0.0"
      rc-util "^5.19.2"
  
  rc-pagination@~3.1.9:
    version "3.1.15"
    resolved "https://registry.npmmirror.com/rc-pagination/-/rc-pagination-3.1.15.tgz#e05eddf4c15717a5858290bed0857e27e2f957ff"
    integrity sha512-4L3fot8g4E+PjWEgoVGX0noFCg+8ZFZmeLH4vsnZpB3O2T2zThtakjNxG+YvSaYtyMVT4B+GLayjKrKbXQpdAg==
    dependencies:
      "@babel/runtime" "^7.10.1"
      classnames "^2.2.1"
  
  rc-picker@~2.6.4:
    version "2.6.4"
    resolved "https://registry.npmmirror.com/rc-picker/-/rc-picker-2.6.4.tgz#916aa5fcd8abd11106f1c2fb64bfd549439abfa0"
    integrity sha512-Mnc1udPyGNSG7/ya5SmYltUjCUcsMH7jfJnuuXVAvEaEdx9qZxDGMWtIii//+ARC06CSHQ83s5iwiGFwM+FcDw==
    dependencies:
      "@babel/runtime" "^7.10.1"
      classnames "^2.2.1"
      date-fns "2.x"
      dayjs "1.x"
      moment "^2.24.0"
      rc-trigger "^5.0.4"
      rc-util "^5.4.0"
      shallowequal "^1.1.0"
  
  rc-progress@~3.2.1:
    version "3.2.4"
    resolved "https://registry.npmmirror.com/rc-progress/-/rc-progress-3.2.4.tgz#4036acdae2566438545bc4df2203248babaf7549"
    integrity sha512-M9WWutRaoVkPUPIrTpRIDpX0SPSrVHzxHdCRCbeoBFrd9UFWTYNWRlHsruJM5FH1AZI+BwB4wOJUNNylg/uFSw==
    dependencies:
      "@babel/runtime" "^7.10.1"
      classnames "^2.2.6"
      rc-util "^5.16.1"
  
  rc-rate@~2.9.0:
    version "2.9.1"
    resolved "https://registry.npmmirror.com/rc-rate/-/rc-rate-2.9.1.tgz#e43cb95c4eb90a2c1e0b16ec6614d8c43530a731"
    integrity sha512-MmIU7FT8W4LYRRHJD1sgG366qKtSaKb67D0/vVvJYR0lrCuRrCiVQ5qhfT5ghVO4wuVIORGpZs7ZKaYu+KMUzA==
    dependencies:
      "@babel/runtime" "^7.10.1"
      classnames "^2.2.5"
      rc-util "^5.0.1"
  
  rc-resize-observer@^1.0.0, rc-resize-observer@^1.1.0, rc-resize-observer@^1.2.0:
    version "1.2.0"
    resolved "https://registry.npmmirror.com/rc-resize-observer/-/rc-resize-observer-1.2.0.tgz#9f46052f81cdf03498be35144cb7c53fd282c4c7"
    integrity sha512-6W+UzT3PyDM0wVCEHfoW3qTHPTvbdSgiA43buiy8PzmeMnfgnDeb9NjdimMXMl3/TcrvvWl5RRVdp+NqcR47pQ==
    dependencies:
      "@babel/runtime" "^7.10.1"
      classnames "^2.2.1"
      rc-util "^5.15.0"
      resize-observer-polyfill "^1.5.1"
  
  rc-select@~14.0.0-alpha.23, rc-select@~14.0.0-alpha.8, rc-select@~14.0.2:
    version "14.0.5"
    resolved "https://registry.npmmirror.com/rc-select/-/rc-select-14.0.5.tgz#145c42e7fd66a7fc6c5c56f6b0cf35d8b50f9e23"
    integrity sha512-5X1bcktpE9++7Ef9Uq7f35kobGBNnddaDhkECjeICWIkCsl9xfYtujQiK1YEYXO5EIYoTVLV30PwN/E3mWAKOQ==
    dependencies:
      "@babel/runtime" "^7.10.1"
      classnames "2.x"
      rc-motion "^2.0.1"
      rc-overflow "^1.0.0"
      rc-trigger "^5.0.4"
      rc-util "^5.16.1"
      rc-virtual-list "^3.2.0"
  
  rc-slider@~10.0.0-alpha.4:
    version "10.0.0-alpha.5"
    resolved "https://registry.npmmirror.com/rc-slider/-/rc-slider-10.0.0-alpha.5.tgz#cf13751bda15ce210a1c0d80e1675411e4c4b995"
    integrity sha512-EUAl7silkx+vtBbRkjUEzFWzxnMJrxOLcmUhCwP2xdZybRInRnLMU6TfE1fJLxb6ZN77ghSai6k7yExayVC+Gg==
    dependencies:
      "@babel/runtime" "^7.10.1"
      classnames "^2.2.5"
      rc-tooltip "^5.0.1"
      rc-util "^5.18.1"
      shallowequal "^1.1.0"
  
  rc-steps@~4.1.0:
    version "4.1.4"
    resolved "https://registry.npmmirror.com/rc-steps/-/rc-steps-4.1.4.tgz#0ba82db202d59ca52d0693dc9880dd145b19dc23"
    integrity sha512-qoCqKZWSpkh/b03ASGx1WhpKnuZcRWmvuW+ZUu4mvMdfvFzVxblTwUM+9aBd0mlEUFmt6GW8FXhMpHkK3Uzp3w==
    dependencies:
      "@babel/runtime" "^7.10.2"
      classnames "^2.2.3"
      rc-util "^5.0.1"
  
  rc-switch@~3.2.0:
    version "3.2.2"
    resolved "https://registry.npmmirror.com/rc-switch/-/rc-switch-3.2.2.tgz#d001f77f12664d52595b4f6fb425dd9e66fba8e8"
    integrity sha512-+gUJClsZZzvAHGy1vZfnwySxj+MjLlGRyXKXScrtCTcmiYNPzxDFOxdQ/3pK1Kt/0POvwJ/6ALOR8gwdXGhs+A==
    dependencies:
      "@babel/runtime" "^7.10.1"
      classnames "^2.2.1"
      rc-util "^5.0.1"
  
  rc-table@~7.23.0:
    version "7.23.1"
    resolved "https://registry.npmmirror.com/rc-table/-/rc-table-7.23.1.tgz#39f101a2ebd20fe4947a83be68e3cd9b4784f9e3"
    integrity sha512-UJblLeDmv/6290lkjDvaMr85OUV3eCNXyRtBAk2LaZF0lF1+wqOvRKkbE8N5TvlWLwXcrH7ZPRRXrRXxtgfRYA==
    dependencies:
      "@babel/runtime" "^7.10.1"
      classnames "^2.2.5"
      rc-resize-observer "^1.1.0"
      rc-util "^5.14.0"
      shallowequal "^1.1.0"
  
  rc-tabs@~11.10.0:
    version "11.10.7"
    resolved "https://registry.npmmirror.com/rc-tabs/-/rc-tabs-11.10.7.tgz#7d8b5dcc17f1608cf3b9425d80069f1415479335"
    integrity sha512-7IKmcU7QU3CdYnJTabeXs2DDeLiXLyALC8fvOtgyWWFXUD47G5vG+4bFO3f9+AI+rcFAPpfwapZbXxgmiRuWYQ==
    dependencies:
      "@babel/runtime" "^7.11.2"
      classnames "2.x"
      rc-dropdown "^3.2.0"
      rc-menu "^9.0.0"
      rc-resize-observer "^1.0.0"
      rc-util "^5.5.0"
  
  rc-textarea@^0.3.0, rc-textarea@~0.3.0:
    version "0.3.7"
    resolved "https://registry.npmmirror.com/rc-textarea/-/rc-textarea-0.3.7.tgz#987142891efdedb774883c07e2f51b318fde5a11"
    integrity sha512-yCdZ6binKmAQB13hc/oehh0E/QRwoPP1pjF21aHBxlgXO3RzPF6dUu4LG2R4FZ1zx/fQd2L1faktulrXOM/2rw==
    dependencies:
      "@babel/runtime" "^7.10.1"
      classnames "^2.2.1"
      rc-resize-observer "^1.0.0"
      rc-util "^5.7.0"
      shallowequal "^1.1.0"
  
  rc-tooltip@^5.0.1, rc-tooltip@~5.1.1:
    version "5.1.1"
    resolved "https://registry.npmmirror.com/rc-tooltip/-/rc-tooltip-5.1.1.tgz#94178ed162d0252bc4993b725f5dc2ac0fccf154"
    integrity sha512-alt8eGMJulio6+4/uDm7nvV+rJq9bsfxFDCI0ljPdbuoygUscbsMYb6EQgwib/uqsXQUvzk+S7A59uYHmEgmDA==
    dependencies:
      "@babel/runtime" "^7.11.2"
      rc-trigger "^5.0.0"
  
  rc-tree-select@~5.1.1:
    version "5.1.5"
    resolved "https://registry.npmmirror.com/rc-tree-select/-/rc-tree-select-5.1.5.tgz#ed51cc45eb490d18d67eba6864e9c7321199fcc0"
    integrity sha512-OXAwCFO0pQmb48NcjUJtiX6rp4FroCXMfzqPmuVVoBGBV/uwO1TPyb+uBZ2/972zkCA8u4je5M5Qx51sL8y7jg==
    dependencies:
      "@babel/runtime" "^7.10.1"
      classnames "2.x"
      rc-select "~14.0.0-alpha.8"
      rc-tree "~5.4.3"
      rc-util "^5.16.1"
  
  rc-tree@~5.4.3:
    version "5.4.4"
    resolved "https://registry.npmmirror.com/rc-tree/-/rc-tree-5.4.4.tgz#2ea3663ad3c566aef79a46ba6a1e050d24323e01"
    integrity sha512-2qoObRgp31DBXmVzMJmo4qmwP20XEa4hR3imWQtRPcgN3pmljW3WKFmZRrYdOFHz7CyTnRsFZR065bBkIoUpiA==
    dependencies:
      "@babel/runtime" "^7.10.1"
      classnames "2.x"
      rc-motion "^2.0.1"
      rc-util "^5.16.1"
      rc-virtual-list "^3.4.2"
  
  rc-trigger@^5.0.0, rc-trigger@^5.0.4, rc-trigger@^5.1.2, rc-trigger@^5.2.10:
    version "5.2.11"
    resolved "https://registry.npmmirror.com/rc-trigger/-/rc-trigger-5.2.11.tgz#8ce469751fb86eafd82d2bea28176bfa299ff637"
    integrity sha512-YS+BA4P2aqp9qU7dcTQwsK56SOLJk7XDaFynnXg96obJOUVFiQ6Lfomq9em2dlB4uSjd7Z/gjriZdUY8S2CPQw==
    dependencies:
      "@babel/runtime" "^7.11.2"
      classnames "^2.2.6"
      rc-align "^4.0.0"
      rc-motion "^2.0.0"
      rc-util "^5.19.2"
  
  rc-upload@~4.3.0:
    version "4.3.3"
    resolved "https://registry.npmmirror.com/rc-upload/-/rc-upload-4.3.3.tgz#e237aa525e5313fa16f4d04d27f53c2f0e157bb8"
    integrity sha512-YoJ0phCRenMj1nzwalXzciKZ9/FAaCrFu84dS5pphwucTC8GUWClcDID/WWNGsLFcM97NqIboDqrV82rVRhW/w==
    dependencies:
      "@babel/runtime" "^7.10.1"
      classnames "^2.2.5"
      rc-util "^5.2.0"
  
  rc-util@^5.0.1, rc-util@^5.0.6, rc-util@^5.0.7, rc-util@^5.12.0, rc-util@^5.14.0, rc-util@^5.15.0, rc-util@^5.16.1, rc-util@^5.17.0, rc-util@^5.18.1, rc-util@^5.19.2, rc-util@^5.19.3, rc-util@^5.2.0, rc-util@^5.2.1, rc-util@^5.3.0, rc-util@^5.4.0, rc-util@^5.5.0, rc-util@^5.6.1, rc-util@^5.7.0, rc-util@^5.8.0, rc-util@^5.9.4, rc-util@^5.9.8:
    version "5.19.3"
    resolved "https://registry.npmmirror.com/rc-util/-/rc-util-5.19.3.tgz#5f6aa854820f6d5824451d80771035b013eaf6d8"
    integrity sha512-S28epi9E2s7Nir05q8Ffl3hzDLwkavTGi0PGH1cTqCmkpG1AeBEuZgQDpksYeU6IgHcds5hWIPE5PUcdFiZl8w==
    dependencies:
      "@babel/runtime" "^7.12.5"
      react-is "^16.12.0"
      shallowequal "^1.1.0"
  
  rc-virtual-list@^3.2.0, rc-virtual-list@^3.4.2:
    version "3.4.4"
    resolved "https://registry.npmmirror.com/rc-virtual-list/-/rc-virtual-list-3.4.4.tgz#be42832edecdcffc56260df131e437a2e0473bca"
    integrity sha512-Zb2h0B+ZhA/aysZNEUkQYaqx0hd8hq7WMIUegII+1KfFjh99GtHZ4ZMWB+SlpdVadskKJZzUWWzIq5N1mE6AVg==
    dependencies:
      classnames "^2.2.6"
      rc-resize-observer "^1.0.0"
      rc-util "^5.0.7"
  
  react-dom@17.0.2:
    version "17.0.2"
    resolved "https://registry.npmmirror.com/react-dom/-/react-dom-17.0.2.tgz#ecffb6845e3ad8dbfcdc498f0d0a939736502c23"
    integrity sha512-s4h96KtLDUQlsENhMn1ar8t2bEa+q/YAtj8pPPdIjPDGBDIVNsrD9aXNWqspUe6AzKCIG0C1HZZLqLV7qpOBGA==
    dependencies:
      loose-envify "^1.1.0"
      object-assign "^4.1.1"
      scheduler "^0.20.2"
  
  react-is@^16.12.0:
    version "16.13.1"
    resolved "https://registry.npmmirror.com/react-is/-/react-is-16.13.1.tgz#789729a4dc36de2999dc156dd6c1d9c18cea56a4"
    integrity sha512-24e6ynE2H+OKt4kqsOvNd8kBpV65zoxbA4BVsEOB3ARVWQki/DHzaUoC5KuON/BiccDaCCTZBuOcfZs70kR8bQ==
  
  react@17.0.2:
    version "17.0.2"
    resolved "https://registry.npmmirror.com/react/-/react-17.0.2.tgz#d0b5cc516d29eb3eee383f75b62864cfb6800037"
    integrity sha512-gnhPt75i/dq/z3/6q/0asP78D0u592D5L1pd7M8P+dck6Fu/jJeL6iVVK23fptSUZj8Vjf++7wXA8UNclGQcbA==
    dependencies:
      loose-envify "^1.1.0"
      object-assign "^4.1.1"
  
  regenerator-runtime@^0.13.4:
    version "0.13.9"
    resolved "https://registry.npmmirror.com/regenerator-runtime/-/regenerator-runtime-0.13.9.tgz#8925742a98ffd90814988d7566ad30ca3b263b52"
    integrity sha512-p3VT+cOEgxFsRRA9X4lkI1E+k2/CtnKtU4gcxyaCUreilL/vqI6CdZ3wxVUx3UOUg+gnUOQQcRI7BmSI656MYA==
  
  resize-observer-polyfill@^1.5.0, resize-observer-polyfill@^1.5.1:
    version "1.5.1"
    resolved "https://registry.npmmirror.com/resize-observer-polyfill/-/resize-observer-polyfill-1.5.1.tgz#0e9020dd3d21024458d4ebd27e23e40269810464"
    integrity sha512-LwZrotdHOo12nQuZlHEmtuXdqGoOD0OhaxopaNFxWzInpEgaLWoVuAMbTzixuosCx2nEG58ngzW3vxdWoxIgdg==
  
  resolve-from@^3.0.0:
    version "3.0.0"
    resolved "https://registry.npmmirror.com/resolve-from/-/resolve-from-3.0.0.tgz#b22c7af7d9d6881bc8b6e653335eebcb0a188748"
    integrity sha512-GnlH6vxLymXJNMBo7XP1fJIzBFbdYt49CuTwmB/6N53t+kMPRMFKz783LlQ4tv28XoQfMWinAJX6WCGf2IlaIw==
  
  scheduler@^0.20.2:
    version "0.20.2"
    resolved "https://registry.npmmirror.com/scheduler/-/scheduler-0.20.2.tgz#4baee39436e34aa93b4874bddcbf0fe8b8b50e91"
    integrity sha512-2eWfGgAqqWFGqtdMmcL5zCMK1U8KlXv8SQFGglL3CEtd0aDVDWgeF/YoCmvln55m5zSk3J/20hTaSBeSObsQDQ==
    dependencies:
      loose-envify "^1.1.0"
      object-assign "^4.1.1"
  
  schema-utils@^1.0.0:
    version "1.0.0"
    resolved "https://registry.npmmirror.com/schema-utils/-/schema-utils-1.0.0.tgz#0b79a93204d7b600d4b2850d1f66c2a34951c770"
    integrity sha512-i27Mic4KovM/lnGsy8whRCHhc7VicJajAjTrYg11K9zfZXnYIt4k5F+kZkwjnrhKzLic/HLU4j11mjsz2G/75g==
    dependencies:
      ajv "^6.1.0"
      ajv-errors "^1.0.0"
      ajv-keywords "^3.1.0"
  
  scroll-into-view-if-needed@^2.2.25:
    version "2.2.29"
    resolved "https://registry.npmmirror.com/scroll-into-view-if-needed/-/scroll-into-view-if-needed-2.2.29.tgz#551791a84b7e2287706511f8c68161e4990ab885"
    integrity sha512-hxpAR6AN+Gh53AdAimHM6C8oTN1ppwVZITihix+WqalywBeFcQ6LdQP5ABNl26nX8GTEL7VT+b8lKpdqq65wXg==
    dependencies:
      compute-scroll-into-view "^1.0.17"
  
  shallowequal@^1.1.0:
    version "1.1.0"
    resolved "https://registry.npmmirror.com/shallowequal/-/shallowequal-1.1.0.tgz#188d521de95b9087404fd4dcb68b13df0ae4e7f8"
    integrity sha512-y0m1JoUZSlPAjXVtPPW70aZWfIL/dSP7AFkRnniLCrK/8MDKog3TySTBmckD+RObVxH0v4Tox67+F14PdED2oQ==
  
  source-list-map@^2.0.0:
    version "2.0.1"
    resolved "https://registry.npmmirror.com/source-list-map/-/source-list-map-2.0.1.tgz#3993bd873bfc48479cca9ea3a547835c7c154b34"
    integrity sha512-qnQ7gVMxGNxsiL4lEuJwe/To8UnK7fAnmbGEEH8RpLouuKbeEm0lhbQVFIrNSuB+G7tVrAlVsZgETT5nljf+Iw==
  
  source-map-js@^1.0.1:
    version "1.0.2"
    resolved "https://registry.npmmirror.com/source-map-js/-/source-map-js-1.0.2.tgz#adbc361d9c62df380125e7f161f71c826f1e490c"
    integrity sha512-R0XvVJ9WusLiqTCEiGCmICCMplcCkIwwR11mOSD9CR5u+IXYdiseeEuXCVAjS54zqwkLcPNnmU4OeJ6tUrWhDw==
  
  source-map@^0.6.1, source-map@~0.6.1:
    version "0.6.1"
    resolved "https://registry.npmmirror.com/source-map/-/source-map-0.6.1.tgz#74722af32e9614e9c287a8d0bbde48b5e2f1a263"
    integrity sha512-UjgapumWlbMhkBgzT7Ykc5YXUT46F0iKu8SGXq0bcwP5dz/h0Plj6enJqjz1Zbq2l5WaqYnrVbwWOWMyF3F47g==
  
  sprintf-js@~1.0.2:
    version "1.0.3"
    resolved "https://registry.npmmirror.com/sprintf-js/-/sprintf-js-1.0.3.tgz#04e6926f662895354f3dd015203633b857297e2c"
    integrity sha512-D9cPgkvLlV3t3IzL0D0YLvGA9Ahk4PcvVwUbN0dSGr1aP0Nrt4AEnTUbuGvquEC0mA64Gqt1fzirlRs5ibXx8g==
  
  string-convert@^0.2.0:
    version "0.2.1"
    resolved "https://registry.npmmirror.com/string-convert/-/string-convert-0.2.1.tgz#6982cc3049fbb4cd85f8b24568b9d9bf39eeff97"
    integrity sha512-u/1tdPl4yQnPBjnVrmdLo9gtuLvELKsAoRapekWggdiQNvvvum+jYF329d84NAa660KQw7pB2n36KrIKVoXa3A==
  
  strip-ansi@^3.0.0:
    version "3.0.1"
    resolved "https://registry.npmmirror.com/strip-ansi/-/strip-ansi-3.0.1.tgz#6a385fb8853d952d5ff05d0e8aaf94278dc63dcf"
    integrity sha512-VhumSSbBqDTP8p2ZLKj40UjBCV4+v8bUSEpUb4KjRgWk9pbqGF4REFj6KEagidb2f/M6AzC0EmFyDNGaw9OCzg==
    dependencies:
      ansi-regex "^2.0.0"
  
  styled-jsx@5.0.0:
    version "5.0.0"
    resolved "https://registry.npmmirror.com/styled-jsx/-/styled-jsx-5.0.0.tgz#816b4b92e07b1786c6b7111821750e0ba4d26e77"
    integrity sha512-qUqsWoBquEdERe10EW8vLp3jT25s/ssG1/qX5gZ4wu15OZpmSMFI2v+fWlRhLfykA5rFtlJ1ME8A8pm/peV4WA==
  
  supports-color@^2.0.0:
    version "2.0.0"
    resolved "https://registry.npmmirror.com/supports-color/-/supports-color-2.0.0.tgz#535d045ce6b6363fa40117084629995e9df324c7"
    integrity sha512-KKNVtd6pCYgPIKU4cp2733HWYCpplQhddZLBUryaAHou723x+FRzQ5Df824Fj+IyyuiQTRoub4SnIFfIcrp70g==
  
  supports-color@^5.3.0, supports-color@^5.4.0:
    version "5.5.0"
    resolved "https://registry.npmmirror.com/supports-color/-/supports-color-5.5.0.tgz#e2e69a44ac8772f78a1ec0b35b689df6530efc8f"
    integrity sha512-QjVjwdXIt408MIiAqCX4oUKsgU2EqAGzs2Ppkm4aQYbjm+ZEWEcW4SfFNTr4uMNZma0ey4f5lgLrkB0aX0QMow==
    dependencies:
      has-flag "^3.0.0"
  
  to-fast-properties@^2.0.0:
    version "2.0.0"
    resolved "https://registry.npmmirror.com/to-fast-properties/-/to-fast-properties-2.0.0.tgz#dc5e698cbd079265bc73e0377681a4e4e83f616e"
    integrity sha512-/OaKK0xYrs3DmxRYqL/yDc+FxFUVYhDlXMhRmv3z915w2HF1tnN1omB354j8VUGO/hbRzyD6Y3sA7v7GS/ceog==
  
  toggle-selection@^1.0.6:
    version "1.0.6"
    resolved "https://registry.npmmirror.com/toggle-selection/-/toggle-selection-1.0.6.tgz#6e45b1263f2017fa0acc7d89d78b15b8bf77da32"
    integrity sha512-BiZS+C1OS8g/q2RRbJmy59xpyghNBqrr6k5L/uKBGRsTfxmu3ffiRnd8mlGPUVayg8pvfi5urfnu8TU7DVOkLQ==
  
  uri-js@^4.2.2:
    version "4.4.1"
    resolved "https://registry.npmmirror.com/uri-js/-/uri-js-4.4.1.tgz#9b1a52595225859e55f669d928f88c6c57f2a77e"
    integrity sha512-7rKUyy33Q1yc98pQ1DAmLtwX109F7TIfWlW1Ydo8Wl1ii1SeHieeh0HHfPeL2fMXK6z0s8ecKs9frCuLJvndBg==
    dependencies:
      punycode "^2.1.0"
  
  use-subscription@1.5.1:
    version "1.5.1"
    resolved "https://registry.npmmirror.com/use-subscription/-/use-subscription-1.5.1.tgz#73501107f02fad84c6dd57965beb0b75c68c42d1"
    integrity sha512-Xv2a1P/yReAjAbhylMfFplFKj9GssgTwN7RlcTxBujFQcloStWNDQdc4g4NRWH9xS4i/FDk04vQBptAXoF3VcA==
    dependencies:
      object-assign "^4.1.1"
  
  webpack-sources@^1.1.0:
    version "1.4.3"
    resolved "https://registry.npmmirror.com/webpack-sources/-/webpack-sources-1.4.3.tgz#eedd8ec0b928fbf1cbfe994e22d2d890f330a933"
    integrity sha512-lgTS3Xhv1lCOKo7SA5TjKXMjpSM4sBjNV5+q2bqesbSPs5FjGmU6jjtBSkX9b4qW87vDIsCIlUPOEhbZrMdjeQ==
    dependencies:
      source-list-map "^2.0.0"
      source-map "~0.6.1"
